<?xml version="1.0" encoding="UTF-8"?>
<!-- Generated by org.testng.reporters.JUnitXMLReporter -->
<testsuite ignored="0" hostname="Shambhu_Katwal" failures="0" tests="3" name="Surefire test" time="25.583" errors="0" timestamp="2022-09-17T20:07:13 NPT">
  <testcase classname="tests.LoginPageTest" name="verifyTheForgotPasswordLinkWorkingProperly" time="1.925"/>
  <testcase classname="tests.LoginPageTest" name="verifyTheLoginLogoIsDisplayed" time="0.517"/>
  <testcase classname="tests.LoginPageTest" name="verifyTheUserIsAbleToLoginProperly" time="3.688"/>
</testsuite> <!-- Surefire test -->
