<?xml version="1.0" encoding="UTF-8"?>
<!-- Generated by org.testng.reporters.JUnitXMLReporter -->
<testsuite ignored="0" hostname="Shambhu_Katwal" failures="0" tests="4" name="Test" time="44.832" errors="0" timestamp="2022-09-17T20:41:51 NPT">
  <testcase classname="tests.LoginPageTest" name="verifyTheForgotPasswordLinkWorkingProperly" time="2.059"/>
  <testcase classname="tests.LoginPageTest" name="verifyTheLoginLogoIsDisplayed" time="0.788"/>
  <testcase classname="tests.LoginPageTest" name="verifyTheUserIsAbleToLoginProperly" time="3.639"/>
  <testcase classname="tests.HomePageTest" name="verifyAdminModuleisClickedProperly" time="5.248"/>
</testsuite> <!-- Test -->
