<?xml version="1.0" encoding="UTF-8"?>
<!-- Generated by org.testng.reporters.JUnitXMLReporter -->
<testsuite ignored="0" hostname="Shambhu_Katwal" failures="0" tests="4" name="Test" time="53.378" errors="0" timestamp="2022-09-17T20:43:18 NPT">
  <testcase classname="tests.LoginPageTest" name="verifyTheForgotPasswordLinkWorkingProperly" time="2.586"/>
  <testcase classname="tests.LoginPageTest" name="verifyTheLoginLogoIsDisplayed" time="0.736"/>
  <testcase classname="tests.LoginPageTest" name="verifyTheUserIsAbleToLoginProperly" time="5.73"/>
  <testcase classname="tests.HomePageTest" name="verifyAdminModuleisClickedProperly" time="8.118"/>
</testsuite> <!-- Test -->
