<?xml version="1.0" encoding="UTF-8"?>
<!-- Generated by org.testng.reporters.JUnitXMLReporter -->
<testsuite ignored="0" hostname="Shambhu_Katwal" failures="0" tests="3" name="Test" time="30.678" errors="0" timestamp="2022-09-17T20:26:08 NPT">
  <testcase classname="tests.LoginPageTest" name="verifyTheForgotPasswordLinkWorkingProperly" time="2.408"/>
  <testcase classname="tests.LoginPageTest" name="verifyTheLoginLogoIsDisplayed" time="0.528"/>
  <testcase classname="tests.LoginPageTest" name="verifyTheUserIsAbleToLoginProperly" time="4.324"/>
</testsuite> <!-- Test -->
