<?xml version="1.0" encoding="UTF-8"?>
<testng-results ignored="0" total="3" passed="3" failed="0" skipped="0">
  <reporter-output>
  </reporter-output>
  <suite started-at="2022-09-17T20:06:47 NPT" name="Surefire suite" finished-at="2022-09-17T20:07:13 NPT" duration-ms="25583">
    <groups>
    </groups>
    <test started-at="2022-09-17T20:06:47 NPT" name="Surefire test" finished-at="2022-09-17T20:07:13 NPT" duration-ms="25583">
      <class name="tests.LoginPageTest">
        <test-method is-config="true" signature="initializeThings()[pri:0, instance:tests.LoginPageTest@4f638935]" started-at="2022-09-17T20:06:47 NPT" name="initializeThings" finished-at="2022-09-17T20:06:54 NPT" duration-ms="6696" status="PASS">
          <reporter-output>
          </reporter-output>
        </test-method> <!-- initializeThings -->
        <test-method signature="verifyTheForgotPasswordLinkWorkingProperly()[pri:0, instance:tests.LoginPageTest@4f638935]" started-at="2022-09-17T20:06:54 NPT" name="verifyTheForgotPasswordLinkWorkingProperly" finished-at="2022-09-17T20:06:56 NPT" duration-ms="1925" status="PASS">
          <reporter-output>
          </reporter-output>
        </test-method> <!-- verifyTheForgotPasswordLinkWorkingProperly -->
        <test-method is-config="true" signature="teadDown()[pri:0, instance:tests.LoginPageTest@4f638935]" started-at="2022-09-17T20:06:56 NPT" name="teadDown" finished-at="2022-09-17T20:06:56 NPT" duration-ms="220" status="PASS">
          <reporter-output>
          </reporter-output>
        </test-method> <!-- teadDown -->
        <test-method is-config="true" signature="initializeThings()[pri:0, instance:tests.LoginPageTest@4f638935]" started-at="2022-09-17T20:06:56 NPT" name="initializeThings" finished-at="2022-09-17T20:07:02 NPT" duration-ms="6077" status="PASS">
          <reporter-output>
          </reporter-output>
        </test-method> <!-- initializeThings -->
        <test-method signature="verifyTheLoginLogoIsDisplayed()[pri:0, instance:tests.LoginPageTest@4f638935]" started-at="2022-09-17T20:07:02 NPT" name="verifyTheLoginLogoIsDisplayed" finished-at="2022-09-17T20:07:03 NPT" duration-ms="517" status="PASS">
          <reporter-output>
          </reporter-output>
        </test-method> <!-- verifyTheLoginLogoIsDisplayed -->
        <test-method is-config="true" signature="teadDown()[pri:0, instance:tests.LoginPageTest@4f638935]" started-at="2022-09-17T20:07:03 NPT" name="teadDown" finished-at="2022-09-17T20:07:03 NPT" duration-ms="225" status="PASS">
          <reporter-output>
          </reporter-output>
        </test-method> <!-- teadDown -->
        <test-method is-config="true" signature="initializeThings()[pri:0, instance:tests.LoginPageTest@4f638935]" started-at="2022-09-17T20:07:03 NPT" name="initializeThings" finished-at="2022-09-17T20:07:09 NPT" duration-ms="5966" status="PASS">
          <reporter-output>
          </reporter-output>
        </test-method> <!-- initializeThings -->
        <test-method signature="verifyTheUserIsAbleToLoginProperly()[pri:0, instance:tests.LoginPageTest@4f638935]" started-at="2022-09-17T20:07:09 NPT" name="verifyTheUserIsAbleToLoginProperly" finished-at="2022-09-17T20:07:13 NPT" duration-ms="3688" status="PASS">
          <reporter-output>
          </reporter-output>
        </test-method> <!-- verifyTheUserIsAbleToLoginProperly -->
        <test-method is-config="true" signature="teadDown()[pri:0, instance:tests.LoginPageTest@4f638935]" started-at="2022-09-17T20:07:13 NPT" name="teadDown" finished-at="2022-09-17T20:07:13 NPT" duration-ms="230" status="PASS">
          <reporter-output>
          </reporter-output>
        </test-method> <!-- teadDown -->
      </class> <!-- tests.LoginPageTest -->
    </test> <!-- Surefire test -->
  </suite> <!-- Surefire suite -->
</testng-results>
